<?xml version="1.0" encoding="UTF-8"?>
<!-- Generated by org.testng.reporters.JUnitReportReporter -->
<testsuite hostname="PPineda-EDP-100-981.local" failures="0" tests="3" name="TestCases.AndroidAPIDemos_DatePickerTestCase" time="84.976" errors="0" timestamp="2024-01-23T18:27:19 PST" skipped="0">
  <testcase classname="TestCases.AndroidAPIDemos_DatePickerTestCase" name="Test1DatePicker" time="28.305"/>
  <testcase classname="TestCases.AndroidAPIDemos_DatePickerTestCase" name="Test2DatePicker" time="24.988"/>
  <testcase classname="TestCases.AndroidAPIDemos_DatePickerTestCase" name="Test3DatePicker" time="31.683"/>
</testsuite> <!-- TestCases.AndroidAPIDemos_DatePickerTestCase -->
