<?xml version="1.0" encoding="UTF-8"?>
<!-- Generated by org.testng.reporters.JUnitReportReporter -->
<testsuite hostname="PPineda-EDP-100-981.local" failures="0" tests="2" name="TestCases.ecommerceapp_testcase4" time="106.492" errors="0" timestamp="2024-01-03T18:02:32 PST" skipped="0">
  <testcase classname="TestCases.ecommerceapp_testcase4" name="FillForm" time="73.968"/>
  <testcase classname="TestCases.ecommerceapp_testcase4" name="FillForm" time="32.524"/>
</testsuite> <!-- TestCases.ecommerceapp_testcase4 -->
