<?xml version="1.0" encoding="UTF-8"?>
<!-- Generated by org.testng.reporters.JUnitReportReporter -->
<testsuite hostname="PPineda-EDP-100-981" failures="0" tests="2" name="TestCases.ecommerceapp_testcase4" time="101.952" errors="0" timestamp="2023-12-27T16:07:10 PST" skipped="0">
  <testcase classname="TestCases.ecommerceapp_testcase4" name="FillForm" time="29.793"/>
  <testcase classname="TestCases.ecommerceapp_testcase4" name="FillForm" time="72.159"/>
</testsuite> <!-- TestCases.ecommerceapp_testcase4 -->
