<?xml version="1.0" encoding="UTF-8"?>
<!-- Generated by org.testng.reporters.JUnitReportReporter -->
<testsuite hostname="PPineda-EDP-100-981.local" failures="0" tests="2" name="TestCases.ecommerceapp_testcase4" time="103.757" errors="0" timestamp="2023-12-21T13:42:20 PST" skipped="0">
  <testcase classname="TestCases.ecommerceapp_testcase4" name="FillForm" time="31.308"/>
  <testcase classname="TestCases.ecommerceapp_testcase4" name="FillForm" time="72.449"/>
</testsuite> <!-- TestCases.ecommerceapp_testcase4 -->
