<?xml version="1.0" encoding="UTF-8"?>
<!-- Generated by org.testng.reporters.JUnitReportReporter -->
<testsuite hostname="PPineda-EDP-100-981.local" failures="0" tests="1" name="TestCases.AndroidAPIDemos_SelectDropDownTestCase" time="29.783" errors="0" timestamp="2024-01-23T18:27:19 PST" skipped="0">
  <testcase classname="TestCases.AndroidAPIDemos_SelectDropDownTestCase" name="Test1SelectDropDown" time="29.783"/>
</testsuite> <!-- TestCases.AndroidAPIDemos_SelectDropDownTestCase -->
