<?xml version="1.0" encoding="UTF-8"?>
<!-- Generated by org.testng.reporters.JUnitReportReporter -->
<testsuite hostname="PPineda-EDP-100-981.local" failures="0" tests="1" name="TestCases.AndroidAPIDemos_ProgressBarTestCase" time="31.599" errors="0" timestamp="2024-01-23T18:27:19 PST" skipped="0">
  <testcase classname="TestCases.AndroidAPIDemos_ProgressBarTestCase" name="Test1ProgressBars" time="31.599"/>
</testsuite> <!-- TestCases.AndroidAPIDemos_ProgressBarTestCase -->
